=== Current Tags and Counts ===
young: 93
old: 66
storm: 55
light: 47
night: 47
weather: 44
day: 43
food: 43
quarters: 40
labor: 36
mermaid: 31
violence: 27
lighthouse: 23
alcohol: 22
atmosphere: 20
fog: 20
sleep: 17
guilt: 17
death: 16
fear: 15
conflict: 15
gull: 14
mythology: 13
vision: 12
identity: 11
secret: 10
madness: 8
logbook: 8
sea: 7
hallucination: 6
naked: 6
tentacles: 5
isolation: 2
obsession: 1
sexual: 1

=== Orphan Scenes (no tags) ===
Count: 0

=== Total Scenes: 114

=== Analyzing text for potential new tags ===
Potential new tags from text analysis:
  night: 42 scenes
  day: 29 scenes
  work: 23 scenes
  fog: 20 scenes
  drink: 16 scenes
  time: 12 scenes
  scream: 9 scenes
  laugh: 9 scenes
  sleep: 7 scenes
  wet: 7 scenes
  death: 5 scenes
  fear: 5 scenes
  cry: 5 scenes
  secret: 4 scenes
  power: 4 scenes
  naked: 4 scenes
  anger: 3 scenes
  dance: 3 scenes
  curse: 3 scenes
  desire: 2 scenes
  confession: 1 scenes
