Scene 26 text: He pushes the wheelbarrow down the rock. (Needless to say, 
the wheel squeaks.)
He keeps pushing. One wrong step could cause the whole pile 
to tumble off of the wheelbarrow and down the island....
Scene 26 title: EXT. PILOT ROCK. PATHWAY - CONTINUOUS

=== Updated Tag Counts ===
young: 93
old: 66
storm: 55
light: 47
night: 47
weather: 44
day: 43
food: 43
quarters: 40
labor: 36
mermaid: 31
violence: 27
lighthouse: 23
alcohol: 22
atmosphere: 20
fog: 20
sleep: 17
guilt: 17
death: 16
fear: 15
conflict: 15
gull: 14
mythology: 13
vision: 12
identity: 11
secret: 10
madness: 8
logbook: 8
sea: 7
hallucination: 6
naked: 6
tentacles: 5
isolation: 2
obsession: 1
sexual: 1

=== Remaining Orphan Scenes ===
Count: 0
